<?xml version="1.0" encoding="UTF-8"?>
<!-- Generated by org.testng.reporters.JUnitXMLReporter -->
<testsuite ignored="1" hostname="Lenovo" failures="0" tests="3" name="Test" time="24.709" errors="0" timestamp="02 Mar 2022 09:18:59 GMT">
  <testcase classname="day4.TestNGExercise1" name="Testcase1" time="0.007"/>
  <testcase classname="day4.TestNGExercise1" name="Testcase2" time="0.001"/>
  <testcase classname="day4.TestNGexercise2" name="login" time="5.444"/>
  <testcase classname="day4.TestNGexercise2" name="Flights" time="0.0">
    <ignored/>
  </testcase> <!-- Flights -->
</testsuite> <!-- Test -->
