<?xml version="1.0" encoding="UTF-8"?>
<testng-results ignored="0" total="1" passed="1" failed="0" skipped="0">
  <reporter-output>
  </reporter-output>
  <suite started-at="2022-03-03T18:31:13 IST" name="Default suite" finished-at="2022-03-03T18:33:19 IST" duration-ms="125771">
    <groups>
    </groups>
    <test started-at="2022-03-03T18:31:13 IST" name="Default test" finished-at="2022-03-03T18:33:19 IST" duration-ms="125771">
      <class name="day6.ExtentReportTest">
        <test-method is-config="true" signature="beforeTest()[pri:0, instance:day6.ExtentReportTest@ffaa6af]" started-at="2022-03-03T18:31:13 IST" name="beforeTest" finished-at="2022-03-03T18:32:37 IST" duration-ms="84075" status="PASS">
          <reporter-output>
          </reporter-output>
        </test-method> <!-- beforeTest -->
        <test-method signature="LoginTC()[pri:0, instance:day6.ExtentReportTest@ffaa6af]" started-at="2022-03-03T18:32:37 IST" name="LoginTC" finished-at="2022-03-03T18:33:01 IST" duration-ms="23398" status="PASS">
          <reporter-output>
          </reporter-output>
        </test-method> <!-- LoginTC -->
        <test-method is-config="true" signature="afterTest()[pri:0, instance:day6.ExtentReportTest@ffaa6af]" started-at="2022-03-03T18:33:01 IST" name="afterTest" finished-at="2022-03-03T18:33:19 IST" duration-ms="18254" status="PASS">
          <reporter-output>
          </reporter-output>
        </test-method> <!-- afterTest -->
      </class> <!-- day6.ExtentReportTest -->
    </test> <!-- Default test -->
  </suite> <!-- Default suite -->
</testng-results>
